2021-07-01 23:07:868 INFO  BasePage :30 - Launching Chrome Browser 
2021-07-01 23:07:776 INFO  LoginPage :22 - enter user name :By.xpath: //input[@id='txtUsername']
2021-07-01 23:07:941 INFO  LoginPage :26 - enter password to password field :By.xpath: //input[@id='txtPassword']
2021-07-01 23:07:152 INFO  LoginPage :31 - click on login button :By.xpath: //input[@id='btnLogin']
2021-07-01 23:07:663 INFO  DashBoardPage :16 - Get Welcome Text After Login : By.xpath: //a[@id='welcome']
2021-07-01 23:07:848 INFO  BasePage :30 - Launching Chrome Browser 
2021-07-01 23:07:995 INFO  LoginPage :22 - enter user name :By.xpath: //input[@id='txtUsername']
2021-07-01 23:07:242 INFO  LoginPage :26 - enter password to password field :By.xpath: //input[@id='txtPassword']
2021-07-01 23:07:527 INFO  LoginPage :31 - click on login button :By.xpath: //input[@id='btnLogin']
2021-07-01 23:07:328 INFO  DashBoardPage :16 - Get Welcome Text After Login : By.xpath: //a[@id='welcome']
2021-07-01 23:07:877 INFO  BasePage :30 - Launching Chrome Browser 
2021-07-01 23:07:519 INFO  LoginPage :22 - enter user name :By.xpath: //input[@id='txtUsername']
2021-07-01 23:07:802 INFO  LoginPage :26 - enter password to password field :By.xpath: //input[@id='txtPassword']
2021-07-01 23:07:14 INFO  LoginPage :31 - click on login button :By.xpath: //input[@id='btnLogin']
2021-07-01 23:07:998 INFO  DashBoardPage :16 - Get Welcome Text After Login : By.xpath: //a[@id='welcome']
2021-07-01 23:07:682 INFO  BasePage :30 - Launching Chrome Browser 
2021-07-01 23:07:527 INFO  LoginPage :22 - enter user name :By.xpath: //input[@id='txtUsername']
2021-07-01 23:07:270 INFO  LoginPage :26 - enter password to password field :By.xpath: //input[@id='txtPassword']
2021-07-01 23:07:536 INFO  LoginPage :31 - click on login button :By.xpath: //input[@id='btnLogin']
2021-07-01 23:07:510 INFO  DashBoardPage :21 - Click on Welcome Text : By.xpath: //a[@id='welcome']
2021-07-01 23:07:774 INFO  DashBoardPage :26 - Click Log Out Button : By.linkText: Logout
